(t0): idle running
(t1): New task P2
(t1): New task P4
(t0): Context switch (idle)<->(P3)
(t1): P3 running
(t1): Task P2 migrated from CPU 1 to CPU 0 
(t2): P3 running
(t3): P3 running
(t4): Task P3 goes to sleep until (t9)
(t3): Context switch (P3)<->(P4)
(t4): P4 running
(t5): P4 running
(t6): P4 running
(t7): Task P4 goes to sleep until (t12)
(t6): Context switch (P4)<->(idle)
(t7): idle running
(t8): idle running
(t9): task P3 awake
(t8): Context switch (idle)<->(P3)
(t9): P3 running
(t10): P3 running
(t11): P3 running
(t12): task P4 awake
(t11): Context switch (P3)<->(P4)
(t12): P4 running
(t13): P4 running
(t14): P4 running
(t15): P4 running
(t16): Task P4 goes to sleep until (t17)
(t15): Context switch (P4)<->(P3)
(t16): P3 running
(t17): Task P3 goes to sleep until (t18)
(t16): Context switch (P3)<->(idle)
(t17): idle running
(t18): idle running
(t19): idle running
(t20): idle running
(t21): idle running
(t22): idle running
(t23): idle running
(t24): idle running
(t25): idle running
(t26): idle running
(t27): idle running
(t28): idle running
(t29): idle running
(t30): idle running
(t31): idle running
(t32): idle running
(t33): idle running
(t34): idle running
(t35): idle running
(t36): idle running
(t37): idle running
(t38): idle running
(t39): idle running
(t40): idle running
(t41): idle running
(t42): idle running
(t43): idle running
(t44): idle running
(t45): idle running
(t46): idle running
(t47): idle running
(t48): idle running
(t49): idle running
==================
P2	1	2	ready
P3	1	4	running
P3	4	9	I/O
P3	9	12	running
P3	12	16	ready
P3	16	17	running
P3	17	18	I/O
P4	1	4	ready
P4	4	7	running
P4	7	12	I/O
P4	12	16	running
P4	16	17	I/O
